[2018-08-31 15:43:45] [Web] WebController异常:System.NullReferenceException: 未将对象引用设置到对象的实例。
   在 Web.App_Start.BaseController.OnActionExecuted(ActionExecutedContext filterContext) 位置 E:\Github源代码\CmsSystem\Web\App_Start\BaseController.cs:行号 87
   在 System.Web.Mvc.Controller.System.Web.Mvc.IActionFilter.OnActionExecuted(ActionExecutedContext filterContext)
   在 System.Web.Mvc.Async.AsyncControllerActionInvoker.AsyncInvocationWithFilters.<>c__DisplayClass46.<InvokeActionMethodFilterAsynchronouslyRecursive>b__3f()
   在 System.Web.Mvc.Async.AsyncControllerActionInvoker.<>c__DisplayClass33.<BeginInvokeActionMethodWithFilters>b__32(IAsyncResult asyncResult)
   在 System.Web.Mvc.Async.AsyncResultWrapper.WrappedAsyncResult`1.CallEndDelegate(IAsyncResult asyncResult)
   在 System.Web.Mvc.Async.AsyncResultWrapper.WrappedAsyncResultBase`1.End()
   在 System.Web.Mvc.Async.AsyncControllerActionInvoker.EndInvokeActionMethodWithFilters(IAsyncResult asyncResult)
   在 System.Web.Mvc.Async.AsyncControllerActionInvoker.<>c__DisplayClass21.<>c__DisplayClass2b.<BeginInvokeAction>b__1c()
   在 System.Web.Mvc.Async.AsyncControllerActionInvoker.<>c__DisplayClass21.<BeginInvokeAction>b__1e(IAsyncResult asyncResult)
[2018-08-31 17:22:57] [Web] WebController异常:System.NotSupportedException: 指定的 LINQ 表达式包含对与不同上下文关联的查询的引用。
   在 System.Data.Entity.Core.Objects.ELinq.Funcletizer.FuncletizingVisitor.InlineObjectQuery(ObjectQuery inlineQuery, Type expressionType)
   在 System.Data.Entity.Core.Objects.ELinq.Funcletizer.FuncletizingVisitor.InlineValue(Expression expression, Boolean recompileOnChange)
   在 System.Data.Entity.Core.Objects.ELinq.Funcletizer.FuncletizingVisitor.Visit(Expression exp)
   在 System.Linq.Expressions.EntityExpressionVisitor.VisitMethodCall(MethodCallExpression m)
   在 System.Linq.Expressions.EntityExpressionVisitor.Visit(Expression exp)
   在 System.Data.Entity.Core.Objects.ELinq.Funcletizer.FuncletizingVisitor.Visit(Expression exp)
   在 System.Linq.Expressions.EntityExpressionVisitor.VisitExpressionList(ReadOnlyCollection`1 original)
   在 System.Linq.Expressions.EntityExpressionVisitor.VisitMethodCall(MethodCallExpression m)
   在 System.Linq.Expressions.EntityExpressionVisitor.Visit(Expression exp)
   在 System.Data.Entity.Core.Objects.ELinq.Funcletizer.FuncletizingVisitor.Visit(Expression exp)
   在 System.Linq.Expressions.EntityExpressionVisitor.VisitExpressionList(ReadOnlyCollection`1 original)
   在 System.Linq.Expressions.EntityExpressionVisitor.VisitMethodCall(MethodCallExpression m)
   在 System.Linq.Expressions.EntityExpressionVisitor.Visit(Expression exp)
   在 System.Data.Entity.Core.Objects.ELinq.Funcletizer.FuncletizingVisitor.Visit(Expression exp)
   在 System.Linq.Expressions.EntityExpressionVisitor.VisitExpressionList(ReadOnlyCollection`1 original)
   在 System.Linq.Expressions.EntityExpressionVisitor.VisitMethodCall(MethodCallExpression m)
   在 System.Linq.Expressions.EntityExpressionVisitor.Visit(Expression exp)
   在 System.Data.Entity.Core.Objects.ELinq.Funcletizer.FuncletizingVisitor.Visit(Expression exp)
   在 System.Linq.Expressions.EntityExpressionVisitor.VisitExpressionList(ReadOnlyCollection`1 original)
   在 System.Linq.Expressions.EntityExpressionVisitor.VisitMethodCall(MethodCallExpression m)
   在 System.Linq.Expressions.EntityExpressionVisitor.Visit(Expression exp)
   在 System.Data.Entity.Core.Objects.ELinq.Funcletizer.FuncletizingVisitor.Visit(Expression exp)
   在 System.Linq.Expressions.EntityExpressionVisitor.VisitExpressionList(ReadOnlyCollection`1 original)
   在 System.Linq.Expressions.EntityExpressionVisitor.VisitMethodCall(MethodCallExpression m)
   在 System.Linq.Expressions.EntityExpressionVisitor.Visit(Expression exp)
   在 System.Data.Entity.Core.Objects.ELinq.Funcletizer.FuncletizingVisitor.Visit(Expression exp)
   在 System.Data.Entity.Core.Objects.ELinq.Funcletizer.Funcletize(Expression expression, Func`1& recompileRequired)
   在 System.Data.Entity.Core.Objects.ELinq.ExpressionConverter..ctor(Funcletizer funcletizer, Expression expression)
   在 System.Data.Entity.Core.Objects.ELinq.ELinqQueryState.CreateExpressionConverter()
   在 System.Data.Entity.Core.Objects.ELinq.ELinqQueryState.GetExecutionPlan(Nullable`1 forMergeOption)
   在 System.Data.Entity.Core.Objects.ObjectQuery`1.<>c__DisplayClass7.<GetResults>b__6()
   在 System.Data.Entity.Core.Objects.ObjectContext.ExecuteInTransaction[T](Func`1 func, IDbExecutionStrategy executionStrategy, Boolean startLocalTransaction, Boolean releaseConnectionOnSuccess)
   在 System.Data.Entity.Core.Objects.ObjectQuery`1.<>c__DisplayClass7.<GetResults>b__5()
   在 System.Data.Entity.SqlServer.DefaultSqlExecutionStrategy.Execute[TResult](Func`1 operation)
   在 System.Data.Entity.Core.Objects.ObjectQuery`1.GetResults(Nullable`1 forMergeOption)
   在 System.Data.Entity.Core.Objects.ObjectQuery`1.<System.Collections.Generic.IEnumerable<T>.GetEnumerator>b__0()
   在 System.Data.Entity.Internal.LazyEnumerator`1.MoveNext()
   在 System.Linq.Enumerable.Single[TSource](IEnumerable`1 source)
   在 System.Data.Entity.Core.Objects.ELinq.ObjectQueryProvider.<GetElementFunction>b__3[TResult](IEnumerable`1 sequence)
   在 System.Data.Entity.Core.Objects.ELinq.ObjectQueryProvider.ExecuteSingle[TResult](IEnumerable`1 query, Expression queryRoot)
   在 System.Data.Entity.Core.Objects.ELinq.ObjectQueryProvider.System.Linq.IQueryProvider.Execute[TResult](Expression expression)
   在 System.Data.Entity.Internal.Linq.DbQueryProvider.Execute[TResult](Expression expression)
   在 System.Linq.Queryable.Count[TSource](IQueryable`1 source)
   在 Web.Controllers.ArticleController.List(PageInfo pageInfo, Int32 iCategoryId) 位置 E:\Github源代码\CmsSystem\Web\Controllers\ArticleController.cs:行号 65
   在 lambda_method(Closure , ControllerBase , Object[] )
   在 System.Web.Mvc.ActionMethodDispatcher.Execute(ControllerBase controller, Object[] parameters)
   在 System.Web.Mvc.ReflectedActionDescriptor.Execute(ControllerContext controllerContext, IDictionary`2 parameters)
   在 System.Web.Mvc.ControllerActionInvoker.InvokeActionMethod(ControllerContext controllerContext, ActionDescriptor actionDescriptor, IDictionary`2 parameters)
   在 System.Web.Mvc.Async.AsyncControllerActionInvoker.<BeginInvokeSynchronousActionMethod>b__39(IAsyncResult asyncResult, ActionInvocation innerInvokeState)
   在 System.Web.Mvc.Async.AsyncResultWrapper.WrappedAsyncResult`2.CallEndDelegate(IAsyncResult asyncResult)
   在 System.Web.Mvc.Async.AsyncResultWrapper.WrappedAsyncResultBase`1.End()
   在 System.Web.Mvc.Async.AsyncControllerActionInvoker.EndInvokeActionMethod(IAsyncResult asyncResult)
   在 System.Web.Mvc.Async.AsyncControllerActionInvoker.AsyncInvocationWithFilters.<InvokeActionMethodFilterAsynchronouslyRecursive>b__3d()
   在 System.Web.Mvc.Async.AsyncControllerActionInvoker.AsyncInvocationWithFilters.<>c__DisplayClass46.<InvokeActionMethodFilterAsynchronouslyRecursive>b__3f()
   在 System.Web.Mvc.Async.AsyncControllerActionInvoker.<>c__DisplayClass33.<BeginInvokeActionMethodWithFilters>b__32(IAsyncResult asyncResult)
   在 System.Web.Mvc.Async.AsyncResultWrapper.WrappedAsyncResult`1.CallEndDelegate(IAsyncResult asyncResult)
   在 System.Web.Mvc.Async.AsyncResultWrapper.WrappedAsyncResultBase`1.End()
   在 System.Web.Mvc.Async.AsyncControllerActionInvoker.EndInvokeActionMethodWithFilters(IAsyncResult asyncResult)
   在 System.Web.Mvc.Async.AsyncControllerActionInvoker.<>c__DisplayClass21.<>c__DisplayClass2b.<BeginInvokeAction>b__1c()
   在 System.Web.Mvc.Async.AsyncControllerActionInvoker.<>c__DisplayClass21.<BeginInvokeAction>b__1e(IAsyncResult asyncResult)
